[     222ms] [INFO] %cDownload the React DevTools for a better development experience: https://reactjs.org/link/react-devtools font-weight:bold @ http://localhost:5173/node_modules/.vite/deps/chunk-6W5FFVKH.js?v=3ab01fca:21550
[     287ms] [WARNING] Module "stream" has been externalized for browser compatibility. Cannot access "stream.Readable" in client code. See https://vite.dev/guide/troubleshooting.html#module-externalized-for-browser-compatibility for more details. @ http://localhost:5173/node_modules/.vite/deps/@solid_react.js?v=76a50244:29916
[     287ms] ReferenceError: global is not defined
    at node_modules/web-streams-node/lib/conversions.js (http://localhost:5173/node_modules/.vite/deps/@solid_react.js?v=76a50244:32111:5)
    at __require2 (http://localhost:5173/node_modules/.vite/deps/chunk-PLDDJCW6.js?v=3ab01fca:17:50)
    at node_modules/web-streams-node/index.js (http://localhost:5173/node_modules/.vite/deps/@solid_react.js?v=76a50244:32192:23)
    at __require2 (http://localhost:5173/node_modules/.vite/deps/chunk-PLDDJCW6.js?v=3ab01fca:17:50)
    at node_modules/@comunica/bus-http/lib/ActorHttp.js (http://localhost:5173/node_modules/.vite/deps/@solid_react.js?v=76a50244:32225:31)
    at __require2 (http://localhost:5173/node_modules/.vite/deps/chunk-PLDDJCW6.js?v=3ab01fca:17:50)
    at node_modules/@comunica/bus-http/index.js (http://localhost:5173/node_modules/.vite/deps/@solid_react.js?v=76a50244:32282:18)
    at __require2 (http://localhost:5173/node_modules/.vite/deps/chunk-PLDDJCW6.js?v=3ab01fca:17:50)
    at node_modules/@comunica/actor-http-solid-auth-fetch/lib/ActorHttpSolidAuthFetch.js (http://localhost:5173/node_modules/.vite/deps/@solid_react.js?v=76a50244:32292:22)
    at __require2 (http://localhost:5173/node_modules/.vite/deps/chunk-PLDDJCW6.js?v=3ab01fca:17:50)
[   40124ms] [INFO] %cDownload the React DevTools for a better development experience: https://reactjs.org/link/react-devtools font-weight:bold @ http://localhost:5173/node_modules/.vite/deps/chunk-6W5FFVKH.js?v=3ab01fca:21550
[   40133ms] [WARNING] Module "stream" has been externalized for browser compatibility. Cannot access "stream.Readable" in client code. See https://vite.dev/guide/troubleshooting.html#module-externalized-for-browser-compatibility for more details. @ http://localhost:5173/node_modules/.vite/deps/@solid_react.js?v=76a50244:29916
[   40131ms] ReferenceError: global is not defined
    at node_modules/web-streams-node/lib/conversions.js (http://localhost:5173/node_modules/.vite/deps/@solid_react.js?v=76a50244:32111:5)
    at __require2 (http://localhost:5173/node_modules/.vite/deps/chunk-PLDDJCW6.js?v=3ab01fca:17:50)
    at node_modules/web-streams-node/index.js (http://localhost:5173/node_modules/.vite/deps/@solid_react.js?v=76a50244:32192:23)
    at __require2 (http://localhost:5173/node_modules/.vite/deps/chunk-PLDDJCW6.js?v=3ab01fca:17:50)
    at node_modules/@comunica/bus-http/lib/ActorHttp.js (http://localhost:5173/node_modules/.vite/deps/@solid_react.js?v=76a50244:32225:31)
    at __require2 (http://localhost:5173/node_modules/.vite/deps/chunk-PLDDJCW6.js?v=3ab01fca:17:50)
    at node_modules/@comunica/bus-http/index.js (http://localhost:5173/node_modules/.vite/deps/@solid_react.js?v=76a50244:32282:18)
    at __require2 (http://localhost:5173/node_modules/.vite/deps/chunk-PLDDJCW6.js?v=3ab01fca:17:50)
    at node_modules/@comunica/actor-http-solid-auth-fetch/lib/ActorHttpSolidAuthFetch.js (http://localhost:5173/node_modules/.vite/deps/@solid_react.js?v=76a50244:32292:22)
    at __require2 (http://localhost:5173/node_modules/.vite/deps/chunk-PLDDJCW6.js?v=3ab01fca:17:50)
